# JRE version: OpenJDK Runtime Environment (8.0_152-b01) (build 1.8.0_152-release-1343-b01)
# Java VM: OpenJDK 64-Bit Server VM (25.152-b01 mixed mode windows-amd64 compressed oops)
Heap:
 PSYoungGen      total 336384K, used 71765K [0x00000000e0000000, 0x00000000f8c80000, 0x0000000100000000)
  eden space 273920K, 12% used [0x00000000e0000000,0x00000000e218eb38,0x00000000f0b80000)
  from space 62464K, 59% used [0x00000000f4f80000,0x00000000f7406b50,0x00000000f8c80000)
  to   space 66048K, 0% used [0x00000000f0b80000,0x00000000f0b80000,0x00000000f4c00000)
 ParOldGen       total 199680K, used 95358K [0x00000000a0000000, 0x00000000ac300000, 0x00000000e0000000)
  object space 199680K, 47% used [0x00000000a0000000,0x00000000a5d1f8d8,0x00000000ac300000)
 Metaspace       used 144278K, capacity 152204K, committed 152576K, reserved 1181696K
  class space    used 17918K, capacity 19340K, committed 19456K, reserved 1048576K
GC Heap History (10 events):
Event: 1879.415 GC heap before
{Heap before GC invocations=42 (full 4):
 PSYoungGen      total 241664K, used 235756K [0x00000000e0000000, 0x00000000f3880000, 0x0000000100000000)
  eden space 197632K, 100% used [0x00000000e0000000,0x00000000ec100000,0x00000000ec100000)
  from space 44032K, 86% used [0x00000000ec100000,0x00000000ee63b1f0,0x00000000eec00000)
  to   space 48128K, 0% used [0x00000000f0980000,0x00000000f0980000,0x00000000f3880000)
 ParOldGen       total 199680K, used 65415K [0x00000000a0000000, 0x00000000ac300000, 0x00000000e0000000)
  object space 199680K, 32% used [0x00000000a0000000,0x00000000a3fe1f88,0x00000000ac300000)
 Metaspace       used 130033K, capacity 137156K, committed 137344K, reserved 1169408K
  class space    used 16414K, capacity 17743K, committed 17792K, reserved 1048576K
Event: 1879.463 GC heap after
Heap after GC invocations=42 (full 4):
 PSYoungGen      total 267776K, used 40544K [0x00000000e0000000, 0x00000000f4300000, 0x0000000100000000)
  eden space 219648K, 0% used [0x00000000e0000000,0x00000000e0000000,0x00000000ed680000)
  from space 48128K, 84% used [0x00000000f0980000,0x00000000f31182b0,0x00000000f3880000)
  to   space 52224K, 0% used [0x00000000ed680000,0x00000000ed680000,0x00000000f0980000)
 ParOldGen       total 199680K, used 65423K [0x00000000a0000000, 0x00000000ac300000, 0x00000000e0000000)
  object space 199680K, 32% used [0x00000000a0000000,0x00000000a3fe3f88,0x00000000ac300000)
 Metaspace       used 130033K, capacity 137156K, committed 137344K, reserved 1169408K
  class space    used 16414K, capacity 17743K, committed 17792K, reserved 1048576K
}
Event: 1882.054 GC heap before
{Heap before GC invocations=43 (full 4):
 PSYoungGen      total 267776K, used 260192K [0x00000000e0000000, 0x00000000f4300000, 0x0000000100000000)
  eden space 219648K, 100% used [0x00000000e0000000,0x00000000ed680000,0x00000000ed680000)
  from space 48128K, 84% used [0x00000000f0980000,0x00000000f31182b0,0x00000000f3880000)
  to   space 52224K, 0% used [0x00000000ed680000,0x00000000ed680000,0x00000000f0980000)
 ParOldGen       total 199680K, used 65423K [0x00000000a0000000, 0x00000000ac300000, 0x00000000e0000000)
  object space 199680K, 32% used [0x00000000a0000000,0x00000000a3fe3f88,0x00000000ac300000)
 Metaspace       used 131342K, capacity 138596K, committed 138752K, reserved 1169408K
  class space    used 16551K, capacity 17873K, committed 17920K, reserved 1048576K
Event: 1882.094 GC heap after
Heap after GC invocations=43 (full 4):
 PSYoungGen      total 271872K, used 43061K [0x00000000e0000000, 0x00000000f6480000, 0x0000000100000000)
  eden space 219648K, 0% used [0x00000000e0000000,0x00000000e0000000,0x00000000ed680000)
  from space 52224K, 82% used [0x00000000ed680000,0x00000000f008d638,0x00000000f0980000)
  to   space 56320K, 0% used [0x00000000f2d80000,0x00000000f2d80000,0x00000000f6480000)
 ParOldGen       total 199680K, used 65423K [0x00000000a0000000, 0x00000000ac300000, 0x00000000e0000000)
  object space 199680K, 32% used [0x00000000a0000000,0x00000000a3fe3f88,0x00000000ac300000)
 Metaspace       used 131342K, capacity 138596K, committed 138752K, reserved 1169408K
  class space    used 16551K, capacity 17873K, committed 17920K, reserved 1048576K
}
Event: 1883.017 GC heap before
{Heap before GC invocations=44 (full 4):
 PSYoungGen      total 271872K, used 262709K [0x00000000e0000000, 0x00000000f6480000, 0x0000000100000000)
  eden space 219648K, 100% used [0x00000000e0000000,0x00000000ed680000,0x00000000ed680000)
  from space 52224K, 82% used [0x00000000ed680000,0x00000000f008d638,0x00000000f0980000)
  to   space 56320K, 0% used [0x00000000f2d80000,0x00000000f2d80000,0x00000000f6480000)
 ParOldGen       total 199680K, used 65423K [0x00000000a0000000, 0x00000000ac300000, 0x00000000e0000000)
  object space 199680K, 32% used [0x00000000a0000000,0x00000000a3fe3f88,0x00000000ac300000)
 Metaspace       used 131634K, capacity 139056K, committed 139392K, reserved 1171456K
  class space    used 16590K, capacity 17957K, committed 18048K, reserved 1048576K
Event: 1883.107 GC heap after
Heap after GC invocations=44 (full 4):
 PSYoungGen      total 293888K, used 56292K [0x00000000e0000000, 0x00000000f8c00000, 0x0000000100000000)
  eden space 237568K, 0% used [0x00000000e0000000,0x00000000e0000000,0x00000000ee800000)
  from space 56320K, 99% used [0x00000000f2d80000,0x00000000f6479000,0x00000000f6480000)
  to   space 71168K, 0% used [0x00000000ee800000,0x00000000ee800000,0x00000000f2d80000)
 ParOldGen       total 199680K, used 83404K [0x00000000a0000000, 0x00000000ac300000, 0x00000000e0000000)
  object space 199680K, 41% used [0x00000000a0000000,0x00000000a51730f8,0x00000000ac300000)
 Metaspace       used 131634K, capacity 139056K, committed 139392K, reserved 1171456K
  class space    used 16590K, capacity 17957K, committed 18048K, reserved 1048576K
}
Event: 2090.733 GC heap before
{Heap before GC invocations=45 (full 4):
 PSYoungGen      total 293888K, used 293856K [0x00000000e0000000, 0x00000000f8c00000, 0x0000000100000000)
  eden space 237568K, 99% used [0x00000000e0000000,0x00000000ee7ff198,0x00000000ee800000)
  from space 56320K, 99% used [0x00000000f2d80000,0x00000000f6479000,0x00000000f6480000)
  to   space 71168K, 0% used [0x00000000ee800000,0x00000000ee800000,0x00000000f2d80000)
 ParOldGen       total 199680K, used 83404K [0x00000000a0000000, 0x00000000ac300000, 0x00000000e0000000)
  object space 199680K, 41% used [0x00000000a0000000,0x00000000a51730f8,0x00000000ac300000)
 Metaspace       used 136722K, capacity 144646K, committed 144768K, reserved 1175552K
  class space    used 17098K, capacity 18525K, committed 18560K, reserved 1048576K
Event: 2090.776 GC heap after
Heap after GC invocations=45 (full 4):
 PSYoungGen      total 308736K, used 28891K [0x00000000e0000000, 0x00000000f9180000, 0x0000000100000000)
  eden space 237568K, 0% used [0x00000000e0000000,0x00000000e0000000,0x00000000ee800000)
  from space 71168K, 40% used [0x00000000ee800000,0x00000000f0436c28,0x00000000f2d80000)
  to   space 67584K, 0% used [0x00000000f4f80000,0x00000000f4f80000,0x00000000f9180000)
 ParOldGen       total 199680K, used 93366K [0x00000000a0000000, 0x00000000ac300000, 0x00000000e0000000)
  object space 199680K, 46% used [0x00000000a0000000,0x00000000a5b2d898,0x00000000ac300000)
 Metaspace       used 136722K, capacity 144646K, committed 144768K, reserved 1175552K
  class space    used 17098K, capacity 18525K, committed 18560K, reserved 1048576K
}
Event: 2097.003 GC heap before
{Heap before GC invocations=46 (full 4):
 PSYoungGen      total 308736K, used 266459K [0x00000000e0000000, 0x00000000f9180000, 0x0000000100000000)
  eden space 237568K, 100% used [0x00000000e0000000,0x00000000ee800000,0x00000000ee800000)
  from space 71168K, 40% used [0x00000000ee800000,0x00000000f0436c28,0x00000000f2d80000)
  to   space 67584K, 0% used [0x00000000f4f80000,0x00000000f4f80000,0x00000000f9180000)
 ParOldGen       total 199680K, used 93366K [0x00000000a0000000, 0x00000000ac300000, 0x00000000e0000000)
  object space 199680K, 46% used [0x00000000a0000000,0x00000000a5b2d898,0x00000000ac300000)
 Metaspace       used 143706K, capacity 151618K, committed 151936K, reserved 1181696K
  class space    used 17852K, capacity 19273K, committed 19328K, reserved 1048576K
Event: 2097.044 GC heap after
Heap after GC invocations=46 (full 4):
 PSYoungGen      total 336384K, used 37402K [0x00000000e0000000, 0x00000000f8c80000, 0x0000000100000000)
  eden space 273920K, 0% used [0x00000000e0000000,0x00000000e0000000,0x00000000f0b80000)
  from space 62464K, 59% used [0x00000000f4f80000,0x00000000f7406b50,0x00000000f8c80000)
  to   space 66048K, 0% used [0x00000000f0b80000,0x00000000f0b80000,0x00000000f4c00000)
 ParOldGen       total 199680K, used 95358K [0x00000000a0000000, 0x00000000ac300000, 0x00000000e0000000)
  object space 199680K, 47% used [0x00000000a0000000,0x00000000a5d1f8d8,0x00000000ac300000)
 Metaspace       used 143706K, capacity 151618K, committed 151936K, reserved 1181696K
  class space    used 17852K, capacity 19273K, committed 19328K, reserved 1048576K
}

